C51 COMPILER V9.00   CODER                                                                 03/05/2015 18:00:16 PAGE 1   


C51 COMPILER V9.00, COMPILATION OF MODULE CODER
OBJECT MODULE PLACED IN ..\output\Coder.obj
COMPILER INVOKED BY: E:\Sortware\Keil\C51\BIN\C51.EXE ..\Core\Coder.c BROWSE INCDIR(..\App;..\Inc;..\Src;..\Core) DEBUG 
                    -OBJECTEXTEND PRINT(.\Coder.lst) OBJECT(..\output\Coder.obj)

line level    source

   1          #include "Coder.h"
   2          #include "timer.h"
   3          #include "INT4.h"
   4          #include "user.h"
   5          #include "MyTypedef.h"
   6          #include "sh77p1651.h" 
   7          
   8          unsigned char start_sign=0;
   9          unsigned char bit_num=0;
  10          sbit audio_pin=Audio_Pin;
  11          //extern unsigned char int4_status;
  12          extern unsigned int timecount2;
  13          extern unsigned char audio_data;
  14          
  15          unsigned char Decoder(void)
  16          {
  17   1              INT4_Stop();//停止外外部中断
  18   1              //计算时间
  19   1              timecount2=0;
  20   1              Timer2_Start();
  21   1              while(audio_pin==1);
  22   1              Timer2_Stop();
  23   1      
  24   1              if(timecount2>=start_width_min&&timecount2<=start_width_max)//起始位
  25   1              {
  26   2                      if(start_sign==0)
  27   2                      {
  28   3                              start_sign=1;
  29   3                              audio_data=0;
  30   3                              bit_num=0;
  31   3                      }                       
  32   2              }
  33   1              else if(timecount2>=bit1_width_min&&timecount2<=bit1_width_max)//收到 bit 1
  34   1              {
  35   2                      if(start_sign==1)
  36   2                      {
  37   3                              audio_data|=(1<<bit_num);
  38   3                              bit_num++;
  39   3                      }               
  40   2              }
  41   1              else if(timecount2>=bit0_width_min&&timecount2<=bit0_width_max)//收到 bit 0
  42   1              {
  43   2                      if(start_sign==1)
  44   2                      {
  45   3                              if(bit_num==8)//终止位 bit 0
  46   3                              {
  47   4                                      start_sign=0;
  48   4                                      bit_num=0;
  49   4                                      INT4_Start();
  50   4                                      return 1;
  51   4                              }
  52   3                              bit_num++;
  53   3                      }
  54   2              }
C51 COMPILER V9.00   CODER                                                                 03/05/2015 18:00:16 PAGE 2   

  55   1              INT4_Start();
  56   1              return 0;
  57   1      }


MODULE INFORMATION:   STATIC OVERLAYABLE
   CODE SIZE        =    149    ----
   CONSTANT SIZE    =   ----    ----
   XDATA SIZE       =   ----    ----
   PDATA SIZE       =   ----    ----
   DATA SIZE        =      2    ----
   IDATA SIZE       =   ----    ----
   BIT SIZE         =   ----    ----
END OF MODULE INFORMATION.


C51 COMPILATION COMPLETE.  0 WARNING(S),  0 ERROR(S)
