C51 COMPILER V9.00   INT4                                                                  05/28/2015 16:14:40 PAGE 1   


C51 COMPILER V9.00, COMPILATION OF MODULE INT4
OBJECT MODULE PLACED IN ..\output\INT4.obj
COMPILER INVOKED BY: E:\Sortware\Keil\C51\BIN\C51.EXE ..\Src\INT4.c BROWSE INCDIR(..\App;..\Inc;..\Src;..\Core) DEBUG OB
                    -JECTEXTEND PRINT(.\INT4.lst) OBJECT(..\output\INT4.obj)

line level    source

   1          #include "INT4.h"
   2          #include "Mytypedef.h"
   3          #include <intrins.h>
   4          unsigned char int4_status=0;
   5          void init_INT4(void)
   6          {
   7   1              P1CR&=~(1<<P1CR0);//P1-0输入模式 Add New 2015/3/3       P1PCR改为P1CR
   8   1              P1PCR|=(1<<P1PCR0);//P1-0上拉电阻
   9   1              EXF0|=(1<<IT41);//上升沿触发
  10   1              //EXF0|=(1<<IT40);//下降沿触发
  11   1              _nop_();
  12   1              _nop_();
  13   1              _nop_();
  14   1      }
  15          
  16          void INT4_Start(void)
  17          {
  18   1              Open_INT4_IRQ;//允许外部中断4中断
  19   1              Open_INT4_0_IRQ;//允许外部中断4-0中断
  20   1      }
  21          void INT4_Stop(void)
  22          {
  23   1              Close_INT4_IRQ;
  24   1              Close_INT4_0_IRQ;
  25   1      }
  26          
  27          void INT4_interrupt(void)interrupt  10
  28          {
  29   1              
  30   1              if(EXF1&0x01)//确认是否是外部中断4-0发生中断
  31   1              {
  32   2                      EXF1&=~(1<<IF40);//清除外部中断4-0中断标志位
  33   2                      int4_status=1;
  34   2              }
  35   1      }


MODULE INFORMATION:   STATIC OVERLAYABLE
   CODE SIZE        =     43    ----
   CONSTANT SIZE    =   ----    ----
   XDATA SIZE       =   ----    ----
   PDATA SIZE       =   ----    ----
   DATA SIZE        =      1    ----
   IDATA SIZE       =   ----    ----
   BIT SIZE         =   ----    ----
END OF MODULE INFORMATION.


C51 COMPILATION COMPLETE.  0 WARNING(S),  0 ERROR(S)
