C51 COMPILER V9.00   MAIN                                                                  05/28/2015 16:14:40 PAGE 1   


C51 COMPILER V9.00, COMPILATION OF MODULE MAIN
OBJECT MODULE PLACED IN ..\output\main.obj
COMPILER INVOKED BY: E:\Sortware\Keil\C51\BIN\C51.EXE ..\App\main.c BROWSE INCDIR(..\App;..\Inc;..\Src;..\Core) DEBUG OB
                    -JECTEXTEND PRINT(.\main.lst) OBJECT(..\output\main.obj)

line level    source

   1          #include "App.h"
   2          void main(void)
   3          {
   4   1              system_init();//系统初始化
   5   1              system_runing();//系统运行
   6   1      }


MODULE INFORMATION:   STATIC OVERLAYABLE
   CODE SIZE        =      6    ----
   CONSTANT SIZE    =   ----    ----
   XDATA SIZE       =   ----    ----
   PDATA SIZE       =   ----    ----
   DATA SIZE        =   ----    ----
   IDATA SIZE       =   ----    ----
   BIT SIZE         =   ----    ----
END OF MODULE INFORMATION.


C51 COMPILATION COMPLETE.  0 WARNING(S),  0 ERROR(S)
